<?xml version="1.0" encoding="UTF-8"?>
<!-- Generated by org.testng.reporters.JUnitReportReporter -->
<testsuite hostname="SAHIL" failures="0" tests="1" name="testng.Assert" time="24.609" errors="0" timestamp="2024-12-06T11:51:36 IST" skipped="0">
  <testcase classname="testng.Assert" name="signup" time="24.609"/>
</testsuite> <!-- testng.Assert -->
