<?xml version="1.0" encoding="UTF-8"?>
<!-- Generated by org.testng.reporters.JUnitReportReporter -->
<testsuite hostname="SAHIL" failures="0" tests="1" name="testng.Script01" time="0.002" errors="0" timestamp="2024-11-27T12:04:52 IST" skipped="0">
  <testcase classname="testng.Script01" name="Testcase" time="0.002">
    <system-out>
      <![CDATA[Hello]]>
    </system-out>
  </testcase> <!-- Testcase -->
  <system-out>
    <![CDATA[Hello
Hello
Hello]]>
  </system-out>
</testsuite> <!-- testng.Script01 -->
