<?xml version="1.0" encoding="UTF-8"?>
<!-- Generated by org.testng.reporters.JUnitReportReporter -->
<testsuite hostname="SAHIL" failures="0" tests="4" name="testng.Priority" time="0.014" errors="0" timestamp="2024-11-27T11:47:39 IST" skipped="0">
  <testcase classname="testng.Priority" name="signup" time="0.010"/>
  <testcase classname="testng.Priority" name="login" time="0.002"/>
  <testcase classname="testng.Priority" name="homepage" time="0.001"/>
  <testcase classname="testng.Priority" name="logout" time="0.001"/>
</testsuite> <!-- testng.Priority -->
