<?xml version="1.0" encoding="UTF-8"?>
<!-- Generated by org.testng.reporters.JUnitReportReporter -->
<testsuite hostname="SAHIL" failures="0" tests="2" name="testng.Script02mul" time="0.008" errors="0" timestamp="2024-11-27T12:04:52 IST" skipped="0">
  <testcase classname="testng.Script02mul" name="Testcase" time="0.007">
    <system-out>
      <![CDATA[Hello]]>
    </system-out>
  </testcase> <!-- Testcase -->
  <testcase classname="testng.Script02mul" name="Testcase1" time="0.001">
    <system-out>
      <![CDATA[Hello]]>
    </system-out>
  </testcase> <!-- Testcase1 -->
  <system-out>
    <![CDATA[Hello
Hello
Hello]]>
  </system-out>
</testsuite> <!-- testng.Script02mul -->
