<?xml version="1.0" encoding="UTF-8"?>
<!-- Generated by org.testng.reporters.JUnitReportReporter -->
<testsuite hostname="SAHIL" failures="0" tests="4" name="testng.Enabledkey" time="0.009" errors="0" timestamp="2024-11-27T11:50:56 IST" skipped="1">
  <testcase classname="testng.Enabledkey" name="signup" time="0.001"/>
  <testcase classname="testng.Enabledkey" name="logout" time="0.001"/>
  <testcase classname="testng.Enabledkey" name="login" time="0.007"/>
  <testcase classname="testng.Enabledkey" name="homepage">
    <skipped/>
  </testcase> <!-- homepage -->
</testsuite> <!-- testng.Enabledkey -->
